Removed Pin From Net: NetName=TM4_U1RX Pin=B1-1
Removed Pin From Net: NetName=TM4_U1TX Pin=B1-2
Removed Pin From Net: NetName=3V3 Pin=JP1-4
Added Component: Designator=P3(HDR1X4)
Add component. Clean all parameters for all variants
Add component (AddParameter): Name = "LatestRevisionDate"; Value = "17-Jul-2002"; VariantName = "[No Variations]"
Add component (AddParameter): Name = "LatestRevisionNote"; Value = "Re-released for DXP Platform."; VariantName = "[No Variations]"
Add component (AddParameter): Name = "Publisher"; Value = "Altium Limited"; VariantName = "[No Variations]"
Added Component: Designator=P4(HDR1X4)
Add component. Clean all parameters for all variants
Add component (AddParameter): Name = "LatestRevisionDate"; Value = "17-Jul-2002"; VariantName = "[No Variations]"
Add component (AddParameter): Name = "LatestRevisionNote"; Value = "Re-released for DXP Platform."; VariantName = "[No Variations]"
Add component (AddParameter): Name = "Publisher"; Value = "Altium Limited"; VariantName = "[No Variations]"
Added Component: Designator=P5(HDR1X8)
Add component. Clean all parameters for all variants
Add component (AddParameter): Name = "LatestRevisionDate"; Value = "17-Jul-2002"; VariantName = "[No Variations]"
Add component (AddParameter): Name = "LatestRevisionNote"; Value = "Re-released for DXP Platform."; VariantName = "[No Variations]"
Add component (AddParameter): Name = "Publisher"; Value = "Altium Limited"; VariantName = "[No Variations]"
Added Component: Designator=R4(RES-SM-0805)
Add component. Clean all parameters for all variants
Add component (AddParameter): Name = "Value"; Value = "0R"; VariantName = "[No Variations]"
Added Pin To Net: NetName=GND Pin=P3-1
Added Pin To Net: NetName=3V3 Pin=P3-2
Added Pin To Net: NetName=TM4_U1TX Pin=P3-3
Added Pin To Net: NetName=TM4_U1RX Pin=P3-4
Added Pin To Net: NetName=GND Pin=P4-1
Added Pin To Net: NetName=3V3 Pin=P4-2
Added Pin To Net: NetName=3V3_2 Pin=JP1-4
Added Net: Name=3V3_2
Added Pin To Net: NetName=BTN_DEBUG_1 Pin=U2-5
Added Net: Name=BTN_DEBUG_1
Added Pin To Net: NetName=BTN_DEBUG_2 Pin=U2-6
Added Net: Name=BTN_DEBUG_2
Added Pin To Net: NetName=BTN_DEBUG_3 Pin=U2-7
Added Net: Name=BTN_DEBUG_3
Added Pin To Net: NetName=GND_2 Pin=B1-4
Added Pin To Net: NetName=GND_2 Pin=B1-23
Added Pin To Net: NetName=GND_2 Pin=P5-3
Added Net: Name=GND_2
Added Pin To Net: NetName=LED_DEBUG_1 Pin=U2-58
Added Net: Name=LED_DEBUG_1
Added Pin To Net: NetName=LED_DEBUG_2 Pin=U2-57
Added Net: Name=LED_DEBUG_2
Added Pin To Net: NetName=LED_DEBUG_3 Pin=U2-1
Added Net: Name=LED_DEBUG_3
Added Pin To Net: NetName=LED_DEBUG_4 Pin=U2-4
Added Net: Name=LED_DEBUG_4
Added Pin To Net: NetName=NetP5_2 Pin=P5-2
Added Pin To Net: NetName=NetP5_2 Pin=R4-2
Added Net: Name=NetP5_2
Added Pin To Net: NetName=RXI Pin=B1-2
Added Pin To Net: NetName=RXI Pin=P4-3
Added Net: Name=RXI
Added Pin To Net: NetName=SCL Pin=B1-A5
Added Pin To Net: NetName=SCL Pin=P5-4
Added Net: Name=SCL
Added Pin To Net: NetName=SDA Pin=B1-A4
Added Pin To Net: NetName=SDA Pin=P5-5
Added Net: Name=SDA
Added Pin To Net: NetName=TXI Pin=B1-1
Added Pin To Net: NetName=TXI Pin=P4-4
Added Net: Name=TXI
Added Pin To Net: NetName=VCC Pin=B1-21
Added Pin To Net: NetName=VCC Pin=P5-1
Added Pin To Net: NetName=VCC Pin=R4-1
Added Net: Name=VCC
Added Member To Class: ClassName=no_name Member=Component P3 Header 4
Added Member To Class: ClassName=no_name Member=Component P4 Header 4
Added Member To Class: ClassName=no_name Member=Component P5 Header 8
Added Member To Class: ClassName=no_name Member=Component R4 RESISTOR SMD
