Change Component Designator: OldDesignator=J2 NewDesignator=J1
Added Component: Designator=B1(*ARDUINO_PRO_MINI_ARDUINO_PRO_MINI(Primary))
Add component. Clean all parameters for all variants
Add component (AddParameter): Name = "Availability"; Value = "Unavailable"; VariantName = "[No Variations]"
Add component (AddParameter): Name = "MF"; Value = "Arduino"; VariantName = "[No Variations]"
Add component (AddParameter): Name = "MP"; Value = "ARDUINO PRO MINI"; VariantName = "[No Variations]"
Add component (AddParameter): Name = "Package"; Value = "Package Analog Devices"; VariantName = "[No Variations]"
Add component (AddParameter): Name = "Price"; Value = "None"; VariantName = "[No Variations]"
Add component (AddParameter): Name = "SnapEDA_Link"; Value = "https://www.snapeda.com/parts/ARDUINO%20PRO%20MINI/Arduino/view-part/?ref=snap"; VariantName = "[No Variations]"
Add component (AddParameter): Name = "Value"; Value = ""; VariantName = "[No Variations]"
Added Component: Designator=P3(HDR1X10)
Add component. Clean all parameters for all variants
Add component (AddParameter): Name = "LatestRevisionDate"; Value = "17-Jul-2002"; VariantName = "[No Variations]"
Add component (AddParameter): Name = "LatestRevisionNote"; Value = "Re-released for DXP Platform."; VariantName = "[No Variations]"
Add component (AddParameter): Name = "Publisher"; Value = "Altium Limited"; VariantName = "[No Variations]"
Added Component: Designator=P4(HDR1X8)
Add component. Clean all parameters for all variants
Add component (AddParameter): Name = "LatestRevisionDate"; Value = "17-Jul-2002"; VariantName = "[No Variations]"
Add component (AddParameter): Name = "LatestRevisionNote"; Value = "Re-released for DXP Platform."; VariantName = "[No Variations]"
Add component (AddParameter): Name = "Publisher"; Value = "Altium Limited"; VariantName = "[No Variations]"
Added Component: Designator=P5(HDR1X6)
Add component. Clean all parameters for all variants
Add component (AddParameter): Name = "LatestRevisionDate"; Value = "17-Jul-2002"; VariantName = "[No Variations]"
Add component (AddParameter): Name = "LatestRevisionNote"; Value = "Re-released for DXP Platform."; VariantName = "[No Variations]"
Add component (AddParameter): Name = "Publisher"; Value = "Altium Limited"; VariantName = "[No Variations]"
Added Component: Designator=P6(HDR1X8)
Add component. Clean all parameters for all variants
Add component (AddParameter): Name = "LatestRevisionDate"; Value = "17-Jul-2002"; VariantName = "[No Variations]"
Add component (AddParameter): Name = "LatestRevisionNote"; Value = "Re-released for DXP Platform."; VariantName = "[No Variations]"
Add component (AddParameter): Name = "Publisher"; Value = "Altium Limited"; VariantName = "[No Variations]"
Added Pin To Net: NetName=TM4_U1RX Pin=B1-1
Added Pin To Net: NetName=TM4_U1TX Pin=B1-2
Added Pin To Net: NetName=GND Pin=P3-7
Added Pin To Net: NetName=GND Pin=P6-6
Added Pin To Net: NetName=GND Pin=P6-7
Added Pin To Net: NetName=+3V3 Pin=P6-4
Added Net: Name=+3V3
Added Pin To Net: NetName=+5V Pin=P6-2
Added Pin To Net: NetName=+5V Pin=P6-5
Added Net: Name=+5V
Added Pin To Net: NetName=AD0 Pin=P5-1
Added Net: Name=AD0
Added Pin To Net: NetName=AD1 Pin=P5-2
Added Net: Name=AD1
Added Pin To Net: NetName=AD2 Pin=P5-3
Added Net: Name=AD2
Added Pin To Net: NetName=AD3 Pin=P5-4
Added Net: Name=AD3
Added Pin To Net: NetName=AD4/SDA Pin=P3-9
Added Pin To Net: NetName=AD4/SDA Pin=P5-5
Added Net: Name=AD4/SDA
Added Pin To Net: NetName=AD5/SCL Pin=P3-10
Added Pin To Net: NetName=AD5/SCL Pin=P5-6
Added Net: Name=AD5/SCL
Added Pin To Net: NetName=AREF Pin=P3-8
Added Net: Name=AREF
Added Pin To Net: NetName=IO2 Pin=P4-3
Added Net: Name=IO2
Added Pin To Net: NetName=IO3 Pin=P4-4
Added Net: Name=IO3
Added Pin To Net: NetName=IO4 Pin=P4-5
Added Net: Name=IO4
Added Pin To Net: NetName=IO5 Pin=P4-6
Added Net: Name=IO5
Added Pin To Net: NetName=IO6 Pin=P4-7
Added Net: Name=IO6
Added Pin To Net: NetName=IO7 Pin=P4-8
Added Net: Name=IO7
Added Pin To Net: NetName=IO8 Pin=P3-1
Added Net: Name=IO8
Added Pin To Net: NetName=IO9 Pin=P3-2
Added Net: Name=IO9
Added Pin To Net: NetName=MISO/IO12 Pin=P3-5
Added Net: Name=MISO/IO12
Added Pin To Net: NetName=MOSI/IO11 Pin=P3-4
Added Net: Name=MOSI/IO11
Added Pin To Net: NetName=RESET Pin=P6-3
Added Net: Name=RESET
Added Pin To Net: NetName=RX/IO0 Pin=P4-1
Added Net: Name=RX/IO0
Added Pin To Net: NetName=SCK/IO13 Pin=P3-6
Added Net: Name=SCK/IO13
Added Pin To Net: NetName=SS/IO10 Pin=P3-3
Added Net: Name=SS/IO10
Added Pin To Net: NetName=TX/IO1 Pin=P4-2
Added Net: Name=TX/IO1
Added Pin To Net: NetName=Vin Pin=P6-8
Added Net: Name=Vin
Added Member To Class: ClassName=no_name Member=Component B1 ARDUINO_PRO_MINI
Added Member To Class: ClassName=no_name Member=Component P3 Header 10
Added Member To Class: ClassName=no_name Member=Component P4 Header 8
Added Member To Class: ClassName=no_name Member=Component P5 Header 6
Added Member To Class: ClassName=no_name Member=Component P6 Header 8
