Added Component: Designator=H1(LO KHOAN 3MM)
Add component. Clean all parameters for all variants
Added Component: Designator=H2(LO KHOAN 3MM)
Add component. Clean all parameters for all variants
Added Component: Designator=H3(LO KHOAN 3MM)
Add component. Clean all parameters for all variants
Added Component: Designator=H4(LO KHOAN 3MM)
Add component. Clean all parameters for all variants
Added Component: Designator=P1(HDR2X20)
Add component. Clean all parameters for all variants
Add component (AddParameter): Name = "LatestRevisionDate"; Value = "17-Jul-2002"; VariantName = "[No Variations]"
Add component (AddParameter): Name = "LatestRevisionNote"; Value = "Re-released for DXP Platform."; VariantName = "[No Variations]"
Add component (AddParameter): Name = "Publisher"; Value = "Altium Limited"; VariantName = "[No Variations]"
Added Pin To Net: NetName=+5 Pin=P1-2
Added Pin To Net: NetName=+5 Pin=P1-4
Added Net: Name=+5
Added Pin To Net: NetName=GND Pin=P1-6
Added Pin To Net: NetName=GND Pin=P1-9
Added Pin To Net: NetName=GND Pin=P1-14
Added Pin To Net: NetName=GND Pin=P1-20
Added Pin To Net: NetName=GND Pin=P1-25
Added Pin To Net: NetName=GND Pin=P1-30
Added Pin To Net: NetName=GND Pin=P1-34
Added Pin To Net: NetName=GND Pin=P1-39
Added Net: Name=GND
Added Pin To Net: NetName=RAS_RX Pin=P1-10
Added Net: Name=RAS_RX
Added Pin To Net: NetName=RAS_TX Pin=P1-8
Added Net: Name=RAS_TX
Added Class: Name=lv
