Removed Pin From Net: NetName=SCL Pin=P3-17
Removed Pin From Net: NetName=SDA Pin=P3-19
Change Component Designator: OldDesignator=R3 NewDesignator=R5
Change Component Designator: OldDesignator=R4 NewDesignator=R6
Change Component Designator: OldDesignator=R5 NewDesignator=R7
Change Component Designator: OldDesignator=R6 NewDesignator=R8
Change Component Designator: OldDesignator=R7 NewDesignator=R9
Added Component: Designator=ENC_L(CON4)
Add component. Clean all parameters for all variants
Add component (AddParameter): Name = "Value"; Value = "Connector 4"; VariantName = "[No Variations]"
Added Component: Designator=END_R(CON4)
Add component. Clean all parameters for all variants
Add component (AddParameter): Name = "Value"; Value = "Connector 4"; VariantName = "[No Variations]"
Added Component: Designator=J1(14P_PCB_HEADER_BRD_MNT_RA)
Add component. Clean all parameters for all variants
Add component (AddParameter): Name = "ComponentLink1Description"; Value = "http://multimedia.3m.com/mws/mediawebserver?66666UuZjcFSLXTtm8T_oxMcEVuQEcuZgVs6EVs6E666666--"; VariantName = "[No Variations]"
Add component (AddParameter): Name = "ComponentLink1URL"; Value = "http://multimedia.3m.com/mws/mediawebserver?66666UuZjcFSLXTtm8T_oxMcEVuQEcuZgVs6EVs6E666666--"; VariantName = "[No Variations]"
Add component (AddParameter): Name = "Connector Type"; Value = "Header, Shrouded"; VariantName = "[No Variations]"
Add component (AddParameter): Name = "Contact Mating Length"; Value = "0.243" (6.17mm)"; VariantName = "[No Variations]"
Add component (AddParameter): Name = "Contact Type"; Value = "Male Pin"; VariantName = "[No Variations]"
Add component (AddParameter): Name = "Manufacturer 1"; Value = "3M"; VariantName = "[No Variations]"
Add component (AddParameter): Name = "Manufacturer Part Number 1"; Value = "D2514-5002-AR"; VariantName = "[No Variations]"
Add component (AddParameter): Name = "Number of Positions"; Value = "14"; VariantName = "[No Variations]"
Add component (AddParameter): Name = "Number of Rows"; Value = "2"; VariantName = "[No Variations]"
Add component (AddParameter): Name = "Package / Case"; Value = "Connector header; 2.54mm pitch"; VariantName = "[No Variations]"
Add component (AddParameter): Name = "Pitch"; Value = "0.100" (2.54mm)"; VariantName = "[No Variations]"
Add component (AddParameter): Name = "QtyOverride"; Value = "1"; VariantName = "[No Variations]"
Add component (AddParameter): Name = "Row Spacing"; Value = "0.100" (2.54mm)"; VariantName = "[No Variations]"
Add component (AddParameter): Name = "SCDType"; Value = "source"; VariantName = "[No Variations]"
Add component (AddParameter): Name = "Supplier 1"; Value = "Digi-Key"; VariantName = "[No Variations]"
Add component (AddParameter): Name = "Supplier Part Number 1"; Value = "MHE14E-ND"; VariantName = "[No Variations]"
Add component (AddParameter): Name = "Value"; Value = "Double-row, 14 positions"; VariantName = "[No Variations]"
Added Component: Designator=P5(HDR1X4)
Add component. Clean all parameters for all variants
Add component (AddParameter): Name = "LatestRevisionDate"; Value = "17-Jul-2002"; VariantName = "[No Variations]"
Add component (AddParameter): Name = "LatestRevisionNote"; Value = "Re-released for DXP Platform."; VariantName = "[No Variations]"
Add component (AddParameter): Name = "Publisher"; Value = "Altium Limited"; VariantName = "[No Variations]"
Added Component: Designator=R3(RES-SM-0603)
Add component. Clean all parameters for all variants
Add component (AddParameter): Name = "Value"; Value = "1K"; VariantName = "[No Variations]"
Added Component: Designator=R4(RES-SM-0603)
Add component. Clean all parameters for all variants
Add component (AddParameter): Name = "Value"; Value = "1K"; VariantName = "[No Variations]"
Added Component: Designator=U2(*SOIC127P600X175-14N)
Add component. Clean all parameters for all variants
Add component (AddParameter): Name = "Availability"; Value = "Unavailable"; VariantName = "[No Variations]"
Add component (AddParameter): Name = "MF"; Value = "Texas Instruments"; VariantName = "[No Variations]"
Add component (AddParameter): Name = "MP"; Value = "SN74HC14DR"; VariantName = "[No Variations]"
Add component (AddParameter): Name = "Package"; Value = "SOIC-14 Texas Instruments"; VariantName = "[No Variations]"
Add component (AddParameter): Name = "Price"; Value = "None"; VariantName = "[No Variations]"
Add component (AddParameter): Name = "SnapEDA_Link"; Value = "https://www.snapeda.com/parts/SN74HC14DR/Texas%20Instruments/view-part/?ref=snap"; VariantName = "[No Variations]"
Add component (AddParameter): Name = "Value"; Value = ""; VariantName = "[No Variations]"
Added Component: Designator=U3(*SOIC127P1030X265-20N)
Add component. Clean all parameters for all variants
Add component (AddParameter): Name = "Availability"; Value = "Unavailable"; VariantName = "[No Variations]"
Add component (AddParameter): Name = "MF"; Value = "Texas Instruments"; VariantName = "[No Variations]"
Add component (AddParameter): Name = "MP"; Value = "SN74HC245DWR"; VariantName = "[No Variations]"
Add component (AddParameter): Name = "Package"; Value = "SOIC-20 Texas Instruments"; VariantName = "[No Variations]"
Add component (AddParameter): Name = "Price"; Value = "None"; VariantName = "[No Variations]"
Add component (AddParameter): Name = "SnapEDA_Link"; Value = "https://www.snapeda.com/parts/SN74HC245DWR/Texas%20Instruments/view-part/?ref=snap"; VariantName = "[No Variations]"
Add component (AddParameter): Name = "Value"; Value = ""; VariantName = "[No Variations]"
Added Pin To Net: NetName=GND Pin=ENC_L-1
Added Pin To Net: NetName=GND Pin=END_R-1
Added Pin To Net: NetName=GND Pin=J1-11
Added Pin To Net: NetName=GND Pin=J1-13
Added Pin To Net: NetName=GND Pin=P5-1
Added Pin To Net: NetName=SCL Pin=R3-1
Added Pin To Net: NetName=VCC Pin=R3-2
Added Pin To Net: NetName=SDA Pin=R4-1
Added Pin To Net: NetName=VCC Pin=R4-2
Added Pin To Net: NetName=+5 Pin=U3-1
Added Pin To Net: NetName=GND Pin=U3-10
Added Pin To Net: NetName=GND Pin=U3-19
Added Pin To Net: NetName=+5 Pin=U3-20
Change Net Name : Old Net Name=NetR4_2 New Net Name=NetR6_2
Added Pin To Net: NetName=3V3 Pin=ENC_L-4
Added Pin To Net: NetName=3V3 Pin=END_R-4
Added Pin To Net: NetName=3V3 Pin=P3-1
Added Pin To Net: NetName=3V3 Pin=P5-2
Added Pin To Net: NetName=3V3 Pin=U2-14
Added Net: Name=3V3
Added Pin To Net: NetName=EN0_A Pin=ENC_L-2
Added Pin To Net: NetName=EN0_A Pin=U2-5
Added Net: Name=EN0_A
Added Pin To Net: NetName=EN0_B Pin=ENC_L-3
Added Pin To Net: NetName=EN0_B Pin=U2-9
Added Net: Name=EN0_B
Added Pin To Net: NetName=EN1_A Pin=END_R-2
Added Pin To Net: NetName=EN1_A Pin=U2-1
Added Net: Name=EN1_A
Added Pin To Net: NetName=EN1_B Pin=END_R-3
Added Pin To Net: NetName=EN1_B Pin=U2-3
Added Net: Name=EN1_B
Added Pin To Net: NetName=H-BRG_/RSTAB Pin=J1-6
Added Pin To Net: NetName=H-BRG_/RSTAB Pin=U3-15
Added Net: Name=H-BRG_/RSTAB
Added Pin To Net: NetName=H-BRG_/RSTCD Pin=J1-12
Added Pin To Net: NetName=H-BRG_/RSTCD Pin=U3-17
Added Net: Name=H-BRG_/RSTCD
Added Pin To Net: NetName=H-BRG_PWMA Pin=J1-4
Added Pin To Net: NetName=H-BRG_PWMA Pin=U3-16
Added Net: Name=H-BRG_PWMA
Added Pin To Net: NetName=H-BRG_PWMC Pin=J1-10
Added Pin To Net: NetName=H-BRG_PWMC Pin=U3-18
Added Net: Name=H-BRG_PWMC
Added Pin To Net: NetName=PWM_A Pin=P3-11
Added Pin To Net: NetName=PWM_A Pin=U3-4
Added Net: Name=PWM_A
Added Pin To Net: NetName=PWMC Pin=P3-8
Added Pin To Net: NetName=PWMC Pin=U3-2
Added Net: Name=PWMC
Added Pin To Net: NetName=QEI0_A Pin=P4-15
Added Pin To Net: NetName=QEI0_A Pin=U2-6
Added Net: Name=QEI0_A
Added Pin To Net: NetName=QEI0_B Pin=P4-17
Added Pin To Net: NetName=QEI0_B Pin=U2-8
Added Net: Name=QEI0_B
Added Pin To Net: NetName=QEI1_A Pin=P4-9
Added Pin To Net: NetName=QEI1_A Pin=U2-2
Added Net: Name=QEI1_A
Added Pin To Net: NetName=QEI1_B Pin=P4-11
Added Pin To Net: NetName=QEI1_B Pin=U2-4
Added Net: Name=QEI1_B
Added Pin To Net: NetName=RST_AB Pin=P3-9
Added Pin To Net: NetName=RST_AB Pin=U3-5
Added Net: Name=RST_AB
Added Pin To Net: NetName=RST_CD Pin=P3-6
Added Pin To Net: NetName=RST_CD Pin=U3-3
Added Net: Name=RST_CD
Added Pin To Net: NetName=TM4_U1RX Pin=P3-5
Added Pin To Net: NetName=TM4_U1RX Pin=P5-4
Added Net: Name=TM4_U1RX
Added Pin To Net: NetName=TM4_U1TX Pin=P3-7
Added Pin To Net: NetName=TM4_U1TX Pin=P5-3
Added Net: Name=TM4_U1TX
Added Member To Class: ClassName=lv Member=Component ENC_L
Added Member To Class: ClassName=lv Member=Component END_R
Added Member To Class: ClassName=lv Member=Component J1 shrouded box header
Added Member To Class: ClassName=lv Member=Component P5 Header 4
Added Member To Class: ClassName=dh Member=Component R8 RESISTOR SMD
Added Member To Class: ClassName=dh Member=Component R9 RESISTOR SMD
Added Member To Class: ClassName=lv Member=Component U2 SN74HC14DR
Added Member To Class: ClassName=lv Member=Component U3 SN74HC245DWR
