Added Component: Designator=P?(HDR2X10)
Add component. Clean all parameters for all variants
Add component (AddParameter): Name = "LatestRevisionDate"; Value = "17-Jul-2002"; VariantName = "[No Variations]"
Add component (AddParameter): Name = "LatestRevisionNote"; Value = "Re-released for DXP Platform."; VariantName = "[No Variations]"
Add component (AddParameter): Name = "Publisher"; Value = "Altium Limited"; VariantName = "[No Variations]"
Added Component: Designator=P?(HDR2X10)
Add component. Clean all parameters for all variants
Add component (AddParameter): Name = "LatestRevisionDate"; Value = "17-Jul-2002"; VariantName = "[No Variations]"
Add component (AddParameter): Name = "LatestRevisionNote"; Value = "Re-released for DXP Platform."; VariantName = "[No Variations]"
Add component (AddParameter): Name = "Publisher"; Value = "Altium Limited"; VariantName = "[No Variations]"
Added Pin To Net: NetName=+5 Pin=P?-2
Added Pin To Net: NetName=GND Pin=P?-2
Added Pin To Net: NetName=GND Pin=P?-4
Added Pin To Net: NetName=SCL Pin=P?-17
Added Pin To Net: NetName=SDA Pin=P?-19
Added Pin To Net: NetName=ENC1_A Pin=P?-15
Added Net: Name=ENC1_A
Added Pin To Net: NetName=ENC1_B Pin=P?-17
Added Net: Name=ENC1_B
Added Pin To Net: NetName=ENC2_A Pin=P?-9
Added Net: Name=ENC2_A
Added Pin To Net: NetName=ENC2_B Pin=P?-11
Added Net: Name=ENC2_B
Added Pin To Net: NetName=PWM1 Pin=P?-6
Added Net: Name=PWM1
Added Pin To Net: NetName=PWM2 Pin=P?-8
Added Net: Name=PWM2
Added Pin To Net: NetName=PWM3 Pin=P?-9
Added Net: Name=PWM3
Added Pin To Net: NetName=PWM4 Pin=P?-11
Added Net: Name=PWM4
Added Member To Class: ClassName=lv Member=Component P? Header 10X2
Added Member To Class: ClassName=lv Member=Component P? Header 10X2
