Added Pin To Net: NetName=3V3 Pin=C16-1
Added Pin To Net: NetName=GND Pin=C16-2
Added Pin To Net: NetName=GND Pin=C17-2
Added Pin To Net: NetName=GND Pin=C100-1
Added Pin To Net: NetName=GND Pin=C101-1
Added Pin To Net: NetName=3V3 Pin=C101-2
Added Pin To Net: NetName=GND Pin=ENC_L1-1
Added Pin To Net: NetName=3V3 Pin=ENC_L1-4
Added Pin To Net: NetName=GND Pin=END_R1-1
Added Pin To Net: NetName=BTN1 Pin=END_R1-2
Added Pin To Net: NetName=3V3 Pin=END_R1-4
Added Pin To Net: NetName=GND Pin=IC10-1
Added Pin To Net: NetName=3V3 Pin=IC10-2
Added Pin To Net: NetName=3V3 Pin=IC10-4
Added Pin To Net: NetName=GND Pin=J1-11
Added Pin To Net: NetName=GND Pin=J1-13
Added Pin To Net: NetName=GND Pin=P1-6
Added Pin To Net: NetName=GND Pin=P1-9
Added Pin To Net: NetName=GND Pin=P1-14
Added Pin To Net: NetName=GND Pin=P1-20
Added Pin To Net: NetName=GND Pin=P1-25
Added Pin To Net: NetName=GND Pin=P1-30
Added Pin To Net: NetName=GND Pin=P1-34
Added Pin To Net: NetName=GND Pin=P1-39
Added Pin To Net: NetName=GND Pin=P3-4
Added Pin To Net: NetName=GND Pin=P4-2
Added Pin To Net: NetName=GND Pin=P5-1
Added Pin To Net: NetName=3V3 Pin=P5-2
Added Pin To Net: NetName=BTN1 Pin=U2-1
Added Pin To Net: NetName=GND Pin=U2-7
Added Pin To Net: NetName=3V3 Pin=U2-14
Added Pin To Net: NetName=GND Pin=U3-10
Added Pin To Net: NetName=GND Pin=U3-19
